TN:
SF:/home/patricia/workspace/TDD-vending-machine/test2.js
FN:12,(anonymous_1)
FN:18,(anonymous_2)
FN:24,(anonymous_3)
FN:30,(anonymous_4)
FNF:4
FNH:4
FNDA:1,(anonymous_1)
FNDA:1,(anonymous_2)
FNDA:1,(anonymous_3)
FNDA:1,(anonymous_4)
DA:4,1
DA:5,1
DA:7,1
DA:8,1
DA:9,1
DA:12,1
DA:13,1
DA:14,1
DA:15,1
DA:18,1
DA:19,1
DA:20,1
DA:21,1
DA:24,1
DA:25,1
DA:26,1
DA:27,1
DA:30,1
DA:31,1
DA:32,1
DA:33,1
DA:37,1
LF:22
LH:22
BRDA:4,1,0,1
BRDA:4,1,1,0
BRDA:4,2,0,1
BRDA:4,2,1,1
BRDA:37,3,0,1
BRDA:37,3,1,0
BRDA:37,4,0,1
BRDA:37,4,1,1
BRF:8
BRH:7
end_of_record
TN:
SF:/home/patricia/workspace/TDD-vending-machine/change2.js
FN:9,getChange2
FNF:1
FNH:1
FNDA:4,getChange2
DA:4,1
DA:5,1
DA:8,1
DA:9,1
DA:10,4
DA:11,4
DA:12,4
DA:14,4
DA:15,32
DA:17,32
DA:18,32
DA:20,15
DA:21,16
DA:22,16
DA:26,4
LF:15
LH:15
BRDA:4,1,0,1
BRDA:4,1,1,0
BRDA:4,2,0,1
BRDA:4,2,1,1
BRDA:18,3,0,15
BRDA:18,3,1,17
BRDA:26,4,0,0
BRDA:26,4,1,4
BRF:8
BRH:7
end_of_record
